\BOOKMARK [0][-]{chapter*.2}{Abstract}{}% 1
\BOOKMARK [0][-]{chapter*.3}{Acknowledgment}{}% 2
\BOOKMARK [0][-]{chapter.1}{Introduction}{}% 3
\BOOKMARK [1][-]{section.1.1}{Background}{chapter.1}% 4
\BOOKMARK [1][-]{section.1.2}{Problem Statement}{chapter.1}% 5
\BOOKMARK [1][-]{section.1.3}{Objectives}{chapter.1}% 6
\BOOKMARK [1][-]{section.1.4}{Applications}{chapter.1}% 7
\BOOKMARK [1][-]{section.1.5}{Features}{chapter.1}% 8
\BOOKMARK [1][-]{section.1.6}{Feasibility Analysis}{chapter.1}% 9
\BOOKMARK [2][-]{subsection.1.6.1}{Economic Feasibility}{section.1.6}% 10
\BOOKMARK [2][-]{subsection.1.6.2}{Technical Feasibility}{section.1.6}% 11
\BOOKMARK [2][-]{subsection.1.6.3}{Operational Feasibility}{section.1.6}% 12
\BOOKMARK [1][-]{section.1.7}{System Requirements}{chapter.1}% 13
\BOOKMARK [2][-]{subsection.1.7.1}{Software Requirements}{section.1.7}% 14
\BOOKMARK [2][-]{subsection.1.7.2}{Hardware Requirements}{section.1.7}% 15
\BOOKMARK [0][-]{chapter.2}{Literature Review}{}% 16
\BOOKMARK [1][-]{section.2.1}{Previous Work On Medical Expert System}{chapter.2}% 17
\BOOKMARK [2][-]{subsection.2.1.1}{MYCIN}{section.2.1}% 18
\BOOKMARK [2][-]{subsection.2.1.2}{Chronic Kidney Disease Prediction Using Back Propagation Neural Network Algorithm}{section.2.1}% 19
\BOOKMARK [1][-]{section.2.2}{Automated Disease Prediction System \(ADPS\): A User Input-based Reliable Architecture for Disease Prediction}{chapter.2}% 20
\BOOKMARK [1][-]{section.2.3}{Neural Network Based Intelligent System for Predicting Heart Disease}{chapter.2}% 21
\BOOKMARK [0][-]{chapter.3}{Equations}{}% 22
\BOOKMARK [1][-]{section.3.1}{Basics of Equations}{chapter.3}% 23
\BOOKMARK [1][-]{section.3.2}{Referencing the Equation}{chapter.3}% 24
\BOOKMARK [0][-]{chapter.4}{Listing Examples}{}% 25
\BOOKMARK [1][-]{section.4.1}{The Subsections}{chapter.4}% 26
\BOOKMARK [0][-]{chapter.5}{Example abbr and symbols}{}% 27
\BOOKMARK [1][-]{section.5.1}{Abbr}{chapter.5}% 28
\BOOKMARK [1][-]{section.5.2}{Symbols}{chapter.5}% 29
\BOOKMARK [0][-]{chapter.6}{Citation Example}{}% 30
\BOOKMARK [1][-]{section.6.1}{Citation and compiling bib file}{chapter.6}% 31
\BOOKMARK [0][-]{Item.25}{References}{}% 32
\BOOKMARK [0][-]{chapter*.7}{Appendix}{}% 33
